[debug] [2020-04-23T17:32:11.217Z] ----------------------------------------------------------------------
[debug] [2020-04-23T17:32:11.219Z] Command:       /usr/local/bin/node /usr/local/bin/firebase init
[debug] [2020-04-23T17:32:11.219Z] CLI Version:   8.1.1
[debug] [2020-04-23T17:32:11.219Z] Platform:      darwin
[debug] [2020-04-23T17:32:11.219Z] Node Version:  v12.16.2
[debug] [2020-04-23T17:32:11.220Z] Time:          Thu Apr 23 2020 18:32:11 GMT+0100 (British Summer Time)
[debug] [2020-04-23T17:32:11.220Z] ----------------------------------------------------------------------
[debug] [2020-04-23T17:32:11.220Z] 
[debug] [2020-04-23T17:32:11.227Z] > command requires scopes: ["email","openid","https://www.googleapis.com/auth/cloudplatformprojects.readonly","https://www.googleapis.com/auth/firebase","https://www.googleapis.com/auth/cloud-platform"]
[debug] [2020-04-23T17:32:11.228Z] > authorizing via signed-in user
[info] 
     ######## #### ########  ######## ########     ###     ######  ########
     ##        ##  ##     ## ##       ##     ##  ##   ##  ##       ##
     ######    ##  ########  ######   ########  #########  ######  ######
     ##        ##  ##    ##  ##       ##     ## ##     ##       ## ##
     ##       #### ##     ## ######## ########  ##     ##  ######  ########

You're about to initialize a Firebase project in this directory:

  /Users/bensheridanedwards/Documents/2020/Coding/Udemy-LearningReact/ReactProjects/Simple_Blog_React

[info] 
=== Project Setup
[info] 
[info] First, let's associate this project directory with a Firebase project.
[info] You can create multiple project aliases by running firebase use --add, 
[info] but for now we'll just set up a default project.
[info] 
